Added Component: Designator=C?(CAP-SM-0603)
Add component. Clean all parameters for all variants
Add component (AddParameter): Name = "Value"; Value = "100pF"; VariantName = "[No Variations]"
Added Component: Designator=L?(INDUCTOR 12.5x12.5)
Add component. Clean all parameters for all variants
Add component (AddParameter): Name = "Value"; Value = "10mH"; VariantName = "[No Variations]"
Added Component: Designator=R?(RES-SM-0603)
Add component. Clean all parameters for all variants
Add component (AddParameter): Name = "Value"; Value = "1K"; VariantName = "[No Variations]"
Added Component: Designator=R?(RES-SM-0603)
Add component. Clean all parameters for all variants
Add component (AddParameter): Name = "Value"; Value = "1K"; VariantName = "[No Variations]"
Added Component: Designator=R?(RES-SM-0603)
Add component. Clean all parameters for all variants
Add component (AddParameter): Name = "Value"; Value = "1K"; VariantName = "[No Variations]"
Added Pin To Net: NetName=NetL?_1 Pin=L?-1
Added Pin To Net: NetName=NetL?_1 Pin=U?-7
Added Net: Name=NetL?_1
Added Pin To Net: NetName=NetL?_2 Pin=L?-2
Added Pin To Net: NetName=NetL?_2 Pin=U?-9
Added Net: Name=NetL?_2
Added Member To Class: ClassName=Buck_Boost Member=Component C? Cap Non-Pol SMD
Added Member To Class: ClassName=Buck_Boost Member=Component L? Inductor
Added Member To Class: ClassName=Buck_Boost Member=Component R? RESISTOR SMD
Added Member To Class: ClassName=Buck_Boost Member=Component R? RESISTOR SMD
Added Member To Class: ClassName=Buck_Boost Member=Component R? RESISTOR SMD
